<?xml version="1.0" encoding="UTF-8"?>
<!-- Generated by org.testng.reporters.JUnitXMLReporter -->
<testsuite ignored="0" hostname="Shivam" failures="0" tests="4" name="Flight Booking Test" time="233.145" errors="0" timestamp="2026-06-13T12:36:51 IST">
  <testcase classname="tests.FlightBookingTest" name="verifyFlightBooking" time="55.103"/>
  <testcase classname="tests.FlightBookingTest" name="verifyFlightBooking" time="54.813"/>
  <testcase classname="tests.FlightBookingTest" name="verifyFlightBooking" time="54.47"/>
  <testcase classname="tests.FlightBookingTest" name="verifyFlightBooking" time="54.086"/>
</testsuite> <!-- Flight Booking Test -->
