<?xml version="1.0" encoding="UTF-8"?>
<!-- Generated by org.testng.reporters.JUnitXMLReporter -->
<testsuite ignored="0" hostname="Shivam" failures="0" tests="4" name="Search Flight Test" time="54.743" errors="0" timestamp="2026-06-13T12:32:58 IST">
  <testcase classname="tests.SearchFlightTest" name="verifyFlightSearch" time="10.126"/>
  <testcase classname="tests.SearchFlightTest" name="verifyFlightSearch" time="10.05"/>
  <testcase classname="tests.SearchFlightTest" name="verifyFlightSearch" time="10.192"/>
  <testcase classname="tests.SearchFlightTest" name="verifyFlightSearch" time="10.041"/>
</testsuite> <!-- Search Flight Test -->
