<?xml version="1.0" encoding="UTF-8"?>
<!-- Generated by org.testng.reporters.JUnitXMLReporter -->
<testsuite ignored="0" hostname="Shivam" failures="0" tests="3" name="Default test" time="165.019" errors="0" timestamp="2026-06-08T13:14:44 IST">
  <testcase classname="tests.FlightBookingTest" name="verifyFlightBooking" time="50.229"/>
  <testcase classname="tests.FlightBookingTest" name="verifyFlightBooking" time="49.727"/>
  <testcase classname="tests.FlightBookingTest" name="verifyFlightBooking" time="49.887"/>
</testsuite> <!-- Default test -->
