<?xml version="1.0" encoding="UTF-8"?>
<!-- Generated by org.testng.reporters.JUnitXMLReporter -->
<testsuite ignored="0" hostname="Shivam" failures="0" tests="3" name="FlightBookingTest" time="187.319" errors="0" timestamp="2026-06-11T12:27:05 IST">
  <testcase classname="tests.FlightBookingTest" name="verifyFlightBooking" time="50.825"/>
  <testcase classname="tests.FlightBookingTest" name="verifyFlightBooking" time="53.914"/>
  <testcase classname="tests.FlightBookingTest" name="verifyFlightBooking" time="50.96"/>
</testsuite> <!-- FlightBookingTest -->
