<?xml version="1.0" encoding="UTF-8"?>
<!-- Generated by org.testng.reporters.JUnitReportReporter -->
<testsuite hostname="Shivam" failures="0" tests="2" name="tests.CrossBrowserTest" time="29.789" errors="0" timestamp="2026-06-13T12:36:52 IST" skipped="0">
  <testcase classname="tests.CrossBrowserTest" name="verifyApplicationOnDifferentBrowsers" time="12.706"/>
  <testcase classname="tests.CrossBrowserTest" name="verifyApplicationOnDifferentBrowsers" time="17.083"/>
</testsuite> <!-- tests.CrossBrowserTest -->
