<?xml version="1.0" encoding="UTF-8"?>
<!-- Generated by org.testng.reporters.JUnitReportReporter -->
<testsuite hostname="Shivam" failures="0" tests="4" name="tests.SearchFlightTest" time="52.652" errors="0" timestamp="2026-06-13T12:36:52 IST" skipped="0">
  <testcase classname="tests.SearchFlightTest" name="verifyFlightSearch" time="13.073"/>
  <testcase classname="tests.SearchFlightTest" name="verifyFlightSearch" time="13.104"/>
  <testcase classname="tests.SearchFlightTest" name="verifyFlightSearch" time="13.296"/>
  <testcase classname="tests.SearchFlightTest" name="verifyFlightSearch" time="13.179"/>
</testsuite> <!-- tests.SearchFlightTest -->
