<?xml version="1.0" encoding="UTF-8"?>
<!-- Generated by org.testng.reporters.JUnitReportReporter -->
<testsuite hostname="Shivam" failures="0" tests="4" name="tests.FlightBookingTest" time="232.410" errors="0" timestamp="2026-06-13T12:36:52 IST" skipped="0">
  <testcase classname="tests.FlightBookingTest" name="verifyFlightBooking" time="58.140"/>
  <testcase classname="tests.FlightBookingTest" name="verifyFlightBooking" time="58.278"/>
  <testcase classname="tests.FlightBookingTest" name="verifyFlightBooking" time="57.612"/>
  <testcase classname="tests.FlightBookingTest" name="verifyFlightBooking" time="58.380"/>
</testsuite> <!-- tests.FlightBookingTest -->
